<?xml version="1.0" encoding="UTF-8"?>
<!-- Generated by org.testng.reporters.JUnitReportReporter -->
<testsuite hostname="S145-R7" failures="0" tests="2" name="media.planner.test.MyScenariosPageTest" time="16.731" errors="0" timestamp="30 Jul 2021 20:13:06 GMT" skipped="0">
  <testcase classname="media.planner.test.MyScenariosPageTest" name="goToMyScenarios" time="13.956"/>
  <testcase classname="media.planner.test.MyScenariosPageTest" name="checkMyScenariosTableActions" time="2.775"/>
</testsuite> <!-- media.planner.test.MyScenariosPageTest -->
