<?xml version="1.0" encoding="UTF-8"?>
<!-- Generated by org.testng.reporters.JUnitReportReporter -->
<testsuite hostname="S145-R7" failures="0" tests="2" name="media.planner.test.NewScenarioPageTest" time="27.223" errors="0" timestamp="30 Jul 2021 20:13:06 GMT" skipped="0">
  <testcase classname="media.planner.test.NewScenarioPageTest" name="createNewScenario" time="15.728"/>
  <testcase classname="media.planner.test.NewScenarioPageTest" name="multipleKPIDisableConvTarget" time="11.495"/>
</testsuite> <!-- media.planner.test.NewScenarioPageTest -->
