<?xml version="1.0" encoding="UTF-8"?>
<!-- Generated by org.testng.reporters.JUnitReportReporter -->
<testsuite hostname="S145-R7" failures="0" tests="3" name="media.planner.test.LoginPageTest" time="25.378" errors="0" timestamp="30 Jul 2021 20:13:06 GMT" skipped="0">
  <testcase classname="media.planner.test.LoginPageTest" name="invalidCredentials" time="5.921"/>
  <testcase classname="media.planner.test.LoginPageTest" name="forgotPasswordFlow" time="7.953"/>
  <testcase classname="media.planner.test.LoginPageTest" name="logInOutTest" time="11.504"/>
</testsuite> <!-- media.planner.test.LoginPageTest -->
