<?xml version="1.0" encoding="UTF-8"?>
<!-- Generated by org.testng.reporters.JUnitReportReporter -->
<testsuite hostname="S145-R7" failures="0" tests="1" name="media.planner.test.SwitchAccountTest" time="66.178" errors="0" timestamp="30 Jul 2021 20:13:06 GMT" skipped="0">
  <testcase classname="media.planner.test.SwitchAccountTest" name="switchAccount" time="66.178"/>
</testsuite> <!-- media.planner.test.SwitchAccountTest -->
